<?xml version="1.0" encoding="UTF-8"?>
<coverage generated="1739009054701" clover="3.2.0">
  <project timestamp="1739009054701" name="All files">
    <metrics statements="58" coveredstatements="52" conditionals="5" coveredconditionals="5" methods="14" coveredmethods="14" elements="77" coveredelements="71" complexity="0" loc="58" ncloc="58" packages="4" files="5" classes="5"/>
    <package name="components.invoices">
      <metrics statements="9" coveredstatements="9" conditionals="0" coveredconditionals="0" methods="4" coveredmethods="4"/>
      <file name="InvoiceFilter.tsx" path="/Users/kickavenue/Downloads/invoice-management/src/components/invoices/InvoiceFilter.tsx">
        <metrics statements="3" coveredstatements="3" conditionals="0" coveredconditionals="0" methods="1" coveredmethods="1"/>
        <line num="1" count="1" type="stmt"/>
        <line num="2" count="1" type="stmt"/>
        <line num="11" count="6" type="stmt"/>
      </file>
      <file name="InvoiceList.tsx" path="/Users/kickavenue/Downloads/invoice-management/src/components/invoices/InvoiceList.tsx">
        <metrics statements="6" coveredstatements="6" conditionals="0" coveredconditionals="0" methods="3" coveredmethods="3"/>
        <line num="14" count="1" type="stmt"/>
        <line num="17" count="1" type="stmt"/>
        <line num="19" count="1" type="stmt"/>
        <line num="30" count="4" type="stmt"/>
        <line num="45" count="6" type="stmt"/>
        <line num="69" count="1" type="stmt"/>
      </file>
    </package>
    <package name="hooks">
      <metrics statements="37" coveredstatements="31" conditionals="4" coveredconditionals="4" methods="7" coveredmethods="7"/>
      <file name="use-invoices.ts" path="/Users/kickavenue/Downloads/invoice-management/src/hooks/use-invoices.ts">
        <metrics statements="37" coveredstatements="31" conditionals="4" coveredconditionals="4" methods="7" coveredmethods="7"/>
        <line num="3" count="1" type="stmt"/>
        <line num="6" count="13" type="stmt"/>
        <line num="7" count="13" type="stmt"/>
        <line num="8" count="13" type="stmt"/>
        <line num="9" count="13" type="stmt"/>
        <line num="11" count="13" type="stmt"/>
        <line num="12" count="5" type="stmt"/>
        <line num="13" count="5" type="cond" truecount="2" falsecount="0"/>
        <line num="60" count="4" type="stmt"/>
        <line num="62" count="1" type="stmt"/>
        <line num="64" count="5" type="stmt"/>
        <line num="68" count="13" type="stmt"/>
        <line num="69" count="1" type="stmt"/>
        <line num="70" count="1" type="stmt"/>
        <line num="71" count="1" type="stmt"/>
        <line num="72" count="1" type="stmt"/>
        <line num="73" count="1" type="stmt"/>
        <line num="75" count="0" type="stmt"/>
        <line num="76" count="0" type="stmt"/>
        <line num="80" count="13" type="stmt"/>
        <line num="81" count="1" type="stmt"/>
        <line num="82" count="1" type="stmt"/>
        <line num="83" count="2" type="cond" truecount="2" falsecount="0"/>
        <line num="85" count="1" type="stmt"/>
        <line num="86" count="1" type="stmt"/>
        <line num="87" count="1" type="stmt"/>
        <line num="89" count="0" type="stmt"/>
        <line num="90" count="0" type="stmt"/>
        <line num="94" count="13" type="stmt"/>
        <line num="95" count="1" type="stmt"/>
        <line num="96" count="2" type="stmt"/>
        <line num="97" count="1" type="stmt"/>
        <line num="98" count="1" type="stmt"/>
        <line num="99" count="1" type="stmt"/>
        <line num="101" count="0" type="stmt"/>
        <line num="102" count="0" type="stmt"/>
        <line num="106" count="13" type="stmt"/>
      </file>
    </package>
    <package name="lib">
      <metrics statements="7" coveredstatements="7" conditionals="1" coveredconditionals="1" methods="1" coveredmethods="1"/>
      <file name="test-utils.tsx" path="/Users/kickavenue/Downloads/invoice-management/src/lib/test-utils.tsx">
        <metrics statements="7" coveredstatements="7" conditionals="1" coveredconditionals="1" methods="1" coveredmethods="1"/>
        <line num="1" count="3" type="stmt"/>
        <line num="2" count="3" type="stmt"/>
        <line num="3" count="3" type="stmt"/>
        <line num="5" count="3" type="cond" truecount="1" falsecount="0"/>
        <line num="6" count="10" type="stmt"/>
        <line num="16" count="10" type="stmt"/>
        <line num="18" count="10" type="stmt"/>
      </file>
    </package>
    <package name="utils">
      <metrics statements="5" coveredstatements="5" conditionals="0" coveredconditionals="0" methods="2" coveredmethods="2"/>
      <file name="format.ts" path="/Users/kickavenue/Downloads/invoice-management/src/utils/format.ts">
        <metrics statements="5" coveredstatements="5" conditionals="0" coveredconditionals="0" methods="2" coveredmethods="2"/>
        <line num="1" count="7" type="stmt"/>
        <line num="2" count="7" type="stmt"/>
        <line num="10" count="101" type="stmt"/>
        <line num="11" count="101" type="stmt"/>
        <line num="12" count="101" type="stmt"/>
      </file>
    </package>
  </project>
</coverage>
