{"/Users/kickavenue/Downloads/invoice-management/src/components/invoices/InvoiceFilter.tsx": {"path":"/Users/kickavenue/Downloads/invoice-management/src/components/invoices/InvoiceFilter.tsx","statementMap":{"0":{"start":{"line":11,"column":13},"end":{"line":11,"column":59}},"1":{"start":{"line":1,"column":18},"end":{"line":1,"column":null}},"2":{"start":{"line":2,"column":49},"end":{"line":2,"column":null}},"3":{"start":{"line":11,"column":59},"end":{"line":39,"column":null}}},"fnMap":{"0":{"name":"(anonymous_2)","decl":{"start":{"line":11,"column":59},"end":{"line":11,"column":60}},"loc":{"start":{"line":16,"column":1},"end":{"line":39,"column":null}}}},"branchMap":{},"s":{"0":6,"1":1,"2":1,"3":1},"f":{"0":6},"b":{}}
,"/Users/kickavenue/Downloads/invoice-management/src/components/invoices/InvoiceList.tsx": {"path":"/Users/kickavenue/Downloads/invoice-management/src/components/invoices/InvoiceList.tsx","statementMap":{"0":{"start":{"line":30,"column":16},"end":{"line":30,"column":28}},"1":{"start":{"line":14,"column":7},"end":{"line":14,"column":null}},"2":{"start":{"line":17,"column":31},"end":{"line":17,"column":null}},"3":{"start":{"line":19,"column":52},"end":{"line":23,"column":null}},"4":{"start":{"line":45,"column":12},"end":{"line":45,"column":39}},"5":{"start":{"line":69,"column":34},"end":{"line":69,"column":null}}},"fnMap":{"0":{"name":"InvoiceList","decl":{"start":{"line":30,"column":16},"end":{"line":30,"column":28}},"loc":{"start":{"line":30,"column":70},"end":{"line":82,"column":null}}},"1":{"name":"(anonymous_3)","decl":{"start":{"line":44,"column":24},"end":{"line":44,"column":25}},"loc":{"start":{"line":45,"column":12},"end":{"line":45,"column":39}}},"2":{"name":"(anonymous_4)","decl":{"start":{"line":69,"column":27},"end":{"line":69,"column":28}},"loc":{"start":{"line":69,"column":34},"end":{"line":69,"column":null}}}},"branchMap":{},"s":{"0":4,"1":1,"2":1,"3":1,"4":6,"5":1},"f":{"0":4,"1":6,"2":1},"b":{}}
,"/Users/kickavenue/Downloads/invoice-management/src/hooks/use-invoices.ts": {"path":"/Users/kickavenue/Downloads/invoice-management/src/hooks/use-invoices.ts","statementMap":{"0":{"start":{"line":6,"column":16},"end":{"line":6,"column":null}},"1":{"start":{"line":3,"column":36},"end":{"line":3,"column":null}},"2":{"start":{"line":7,"column":34},"end":{"line":7,"column":null}},"3":{"start":{"line":8,"column":32},"end":{"line":8,"column":null}},"4":{"start":{"line":9,"column":28},"end":{"line":9,"column":null}},"5":{"start":{"line":11,"column":2},"end":{"line":66,"column":null}},"6":{"start":{"line":12,"column":4},"end":{"line":65,"column":null}},"7":{"start":{"line":13,"column":29},"end":{"line":59,"column":null}},"8":{"start":{"line":60,"column":6},"end":{"line":60,"column":null}},"9":{"start":{"line":62,"column":6},"end":{"line":62,"column":null}},"10":{"start":{"line":64,"column":6},"end":{"line":64,"column":null}},"11":{"start":{"line":68,"column":21},"end":{"line":78,"column":null}},"12":{"start":{"line":69,"column":4},"end":{"line":77,"column":null}},"13":{"start":{"line":70,"column":30},"end":{"line":70,"column":null}},"14":{"start":{"line":71,"column":6},"end":{"line":71,"column":null}},"15":{"start":{"line":72,"column":6},"end":{"line":72,"column":null}},"16":{"start":{"line":73,"column":6},"end":{"line":73,"column":null}},"17":{"start":{"line":75,"column":6},"end":{"line":75,"column":null}},"18":{"start":{"line":76,"column":6},"end":{"line":76,"column":null}},"19":{"start":{"line":80,"column":24},"end":{"line":92,"column":null}},"20":{"start":{"line":81,"column":4},"end":{"line":91,"column":null}},"21":{"start":{"line":82,"column":30},"end":{"line":83,"column":null}},"22":{"start":{"line":83,"column":8},"end":{"line":83,"column":null}},"23":{"start":{"line":85,"column":6},"end":{"line":85,"column":null}},"24":{"start":{"line":86,"column":6},"end":{"line":86,"column":null}},"25":{"start":{"line":87,"column":6},"end":{"line":87,"column":null}},"26":{"start":{"line":89,"column":6},"end":{"line":89,"column":null}},"27":{"start":{"line":90,"column":6},"end":{"line":90,"column":null}},"28":{"start":{"line":94,"column":24},"end":{"line":104,"column":null}},"29":{"start":{"line":95,"column":4},"end":{"line":103,"column":null}},"30":{"start":{"line":96,"column":30},"end":{"line":96,"column":null}},"31":{"start":{"line":96,"column":59},"end":{"line":96,"column":null}},"32":{"start":{"line":97,"column":6},"end":{"line":97,"column":null}},"33":{"start":{"line":98,"column":6},"end":{"line":98,"column":null}},"34":{"start":{"line":99,"column":6},"end":{"line":99,"column":null}},"35":{"start":{"line":101,"column":6},"end":{"line":101,"column":null}},"36":{"start":{"line":102,"column":6},"end":{"line":102,"column":null}},"37":{"start":{"line":106,"column":2},"end":{"line":113,"column":null}}},"fnMap":{"0":{"name":"useInvoices","decl":{"start":{"line":6,"column":16},"end":{"line":6,"column":null}},"loc":{"start":{"line":6,"column":16},"end":{"line":114,"column":null}}},"1":{"name":"(anonymous_2)","decl":{"start":{"line":11,"column":12},"end":{"line":11,"column":null}},"loc":{"start":{"line":11,"column":12},"end":{"line":66,"column":5}}},"2":{"name":"(anonymous_3)","decl":{"start":{"line":68,"column":21},"end":{"line":68,"column":22}},"loc":{"start":{"line":68,"column":22},"end":{"line":78,"column":null}}},"3":{"name":"(anonymous_4)","decl":{"start":{"line":80,"column":24},"end":{"line":80,"column":25}},"loc":{"start":{"line":80,"column":37},"end":{"line":92,"column":null}}},"4":{"name":"(anonymous_5)","decl":{"start":{"line":82,"column":43},"end":{"line":82,"column":44}},"loc":{"start":{"line":83,"column":8},"end":{"line":83,"column":null}}},"5":{"name":"(anonymous_6)","decl":{"start":{"line":94,"column":24},"end":{"line":94,"column":25}},"loc":{"start":{"line":94,"column":25},"end":{"line":104,"column":null}}},"6":{"name":"(anonymous_7)","decl":{"start":{"line":96,"column":46},"end":{"line":96,"column":47}},"loc":{"start":{"line":96,"column":59},"end":{"line":96,"column":null}}}},"branchMap":{"0":{"loc":{"start":{"line":13,"column":40},"end":{"line":59,"column":null}},"type":"binary-expr","locations":[{"start":{"line":13,"column":40},"end":{"line":13,"column":76}},{"start":{"line":13,"column":76},"end":{"line":59,"column":null}}]},"1":{"loc":{"start":{"line":83,"column":8},"end":{"line":83,"column":null}},"type":"cond-expr","locations":[{"start":{"line":83,"column":28},"end":{"line":83,"column":64}},{"start":{"line":83,"column":64},"end":{"line":83,"column":null}}]}},"s":{"0":13,"1":1,"2":13,"3":13,"4":13,"5":13,"6":5,"7":5,"8":4,"9":1,"10":5,"11":13,"12":1,"13":1,"14":1,"15":1,"16":1,"17":0,"18":0,"19":13,"20":1,"21":1,"22":2,"23":1,"24":1,"25":1,"26":0,"27":0,"28":13,"29":1,"30":1,"31":2,"32":1,"33":1,"34":1,"35":0,"36":0,"37":13},"f":{"0":13,"1":5,"2":1,"3":1,"4":2,"5":1,"6":2},"b":{"0":[5,1],"1":[1,1]}}
,"/Users/kickavenue/Downloads/invoice-management/src/lib/test-utils.tsx": {"path":"/Users/kickavenue/Downloads/invoice-management/src/lib/test-utils.tsx","statementMap":{"0":{"start":{"line":18,"column":13},"end":{"line":18,"column":25}},"1":{"start":{"line":16,"column":9},"end":{"line":16,"column":25}},"2":{"start":{"line":1,"column":23},"end":{"line":1,"column":null}},"3":{"start":{"line":2,"column":37},"end":{"line":2,"column":null}},"4":{"start":{"line":3,"column":31},"end":{"line":3,"column":null}},"5":{"start":{"line":5,"column":21},"end":{"line":13,"column":null}},"6":{"start":{"line":6,"column":2},"end":{"line":13,"column":null}},"7":{"start":{"line":18,"column":28},"end":{"line":37,"column":null}}},"fnMap":{"0":{"name":"(anonymous_6)","decl":{"start":{"line":5,"column":21},"end":{"line":5,"column":22}},"loc":{"start":{"line":6,"column":2},"end":{"line":13,"column":null}}}},"branchMap":{"0":{"loc":{"start":{"line":5,"column":46},"end":{"line":5,"column":58}},"type":"default-arg","locations":[{"start":{"line":5,"column":56},"end":{"line":5,"column":58}}]}},"s":{"0":10,"1":10,"2":3,"3":3,"4":3,"5":3,"6":10,"7":3},"f":{"0":10},"b":{"0":[10]}}
,"/Users/kickavenue/Downloads/invoice-management/src/utils/format.ts": {"path":"/Users/kickavenue/Downloads/invoice-management/src/utils/format.ts","statementMap":{"0":{"start":{"line":1,"column":13},"end":{"line":1,"column":27}},"1":{"start":{"line":10,"column":13},"end":{"line":10,"column":34}},"2":{"start":{"line":1,"column":30},"end":{"line":8,"column":null}},"3":{"start":{"line":2,"column":2},"end":{"line":7,"column":null}},"4":{"start":{"line":10,"column":37},"end":{"line":13,"column":null}},"5":{"start":{"line":11,"column":17},"end":{"line":11,"column":null}},"6":{"start":{"line":12,"column":2},"end":{"line":12,"column":null}}},"fnMap":{"0":{"name":"(anonymous_3)","decl":{"start":{"line":1,"column":30},"end":{"line":1,"column":31}},"loc":{"start":{"line":1,"column":31},"end":{"line":8,"column":null}}},"1":{"name":"(anonymous_4)","decl":{"start":{"line":10,"column":37},"end":{"line":10,"column":null}},"loc":{"start":{"line":10,"column":37},"end":{"line":13,"column":null}}}},"branchMap":{},"s":{"0":7,"1":101,"2":2,"3":7,"4":2,"5":101,"6":101},"f":{"0":7,"1":101},"b":{}}
}
