TN:
SF:src/components/invoices/InvoiceFilter.tsx
FN:11,(anonymous_2)
FNF:1
FNH:1
FNDA:6,(anonymous_2)
DA:1,1
DA:2,1
DA:11,6
LF:3
LH:3
BRF:0
BRH:0
end_of_record
TN:
SF:src/components/invoices/InvoiceList.tsx
FN:30,InvoiceList
FN:44,(anonymous_3)
FN:69,(anonymous_4)
FNF:3
FNH:3
FNDA:4,InvoiceList
FNDA:6,(anonymous_3)
FNDA:1,(anonymous_4)
DA:14,1
DA:17,1
DA:19,1
DA:30,4
DA:45,6
DA:69,1
LF:6
LH:6
BRF:0
BRH:0
end_of_record
TN:
SF:src/hooks/use-invoices.ts
FN:6,useInvoices
FN:11,(anonymous_2)
FN:68,(anonymous_3)
FN:80,(anonymous_4)
FN:82,(anonymous_5)
FN:94,(anonymous_6)
FN:96,(anonymous_7)
FNF:7
FNH:7
FNDA:13,useInvoices
FNDA:5,(anonymous_2)
FNDA:1,(anonymous_3)
FNDA:1,(anonymous_4)
FNDA:2,(anonymous_5)
FNDA:1,(anonymous_6)
FNDA:2,(anonymous_7)
DA:3,1
DA:6,13
DA:7,13
DA:8,13
DA:9,13
DA:11,13
DA:12,5
DA:13,5
DA:60,4
DA:62,1
DA:64,5
DA:68,13
DA:69,1
DA:70,1
DA:71,1
DA:72,1
DA:73,1
DA:75,0
DA:76,0
DA:80,13
DA:81,1
DA:82,1
DA:83,2
DA:85,1
DA:86,1
DA:87,1
DA:89,0
DA:90,0
DA:94,13
DA:95,1
DA:96,2
DA:97,1
DA:98,1
DA:99,1
DA:101,0
DA:102,0
DA:106,13
LF:37
LH:31
BRDA:13,0,0,5
BRDA:13,0,1,1
BRDA:83,1,0,1
BRDA:83,1,1,1
BRF:4
BRH:4
end_of_record
TN:
SF:src/lib/test-utils.tsx
FN:5,(anonymous_6)
FNF:1
FNH:1
FNDA:10,(anonymous_6)
DA:1,3
DA:2,3
DA:3,3
DA:5,3
DA:6,10
DA:16,10
DA:18,10
LF:7
LH:7
BRDA:5,0,0,10
BRF:1
BRH:1
end_of_record
TN:
SF:src/utils/format.ts
FN:1,(anonymous_3)
FN:10,(anonymous_4)
FNF:2
FNH:2
FNDA:7,(anonymous_3)
FNDA:101,(anonymous_4)
DA:1,7
DA:2,7
DA:10,101
DA:11,101
DA:12,101
LF:5
LH:5
BRF:0
BRH:0
end_of_record
